c:\users\art3mis\documents\visual studio 2012\projects\tiltsharp\tiltsharp\release\tiltsharp.obj
c:\users\art3mis\documents\visual studio 2012\projects\tiltsharp\tiltsharp\release\pluginsdk.obj
c:\users\art3mis\documents\visual studio 2012\projects\tiltsharp\tiltsharp\release\vc110.pdb
c:\users\art3mis\documents\visual studio 2012\projects\tiltsharp\release\tiltsharp.dll
c:\users\art3mis\documents\visual studio 2012\projects\tiltsharp\release\tiltsharp.pdb
c:\users\tyler\desktop\aimjunkies-master\tiltsharp\tiltsharp\release\vc140.pdb
c:\users\tyler\desktop\aimjunkies-master\tiltsharp\tiltsharp\release\pluginsdk.obj
c:\users\tyler\desktop\aimjunkies-master\tiltsharp\tiltsharp\release\spammer.obj
c:\users\tyler\desktop\aimjunkies-master\tiltsharp\release\l++spammer.lib
c:\users\tyler\desktop\aimjunkies-master\tiltsharp\release\l++spammer.exp
c:\users\tyler\desktop\aimjunkies-master\tiltsharp\release\l++spammer.dll
c:\users\tyler\desktop\aimjunkies-master\tiltsharp\release\l++spammer.pdb
c:\users\tyler\desktop\aimjunkies-master\tiltsharp\tiltsharp\release\cl.command.1.tlog
c:\users\tyler\desktop\aimjunkies-master\tiltsharp\tiltsharp\release\cl.read.1.tlog
c:\users\tyler\desktop\aimjunkies-master\tiltsharp\tiltsharp\release\cl.write.1.tlog
c:\users\tyler\desktop\aimjunkies-master\tiltsharp\tiltsharp\release\link-cvtres.read.1.tlog
c:\users\tyler\desktop\aimjunkies-master\tiltsharp\tiltsharp\release\link-cvtres.write.1.tlog
c:\users\tyler\desktop\aimjunkies-master\tiltsharp\tiltsharp\release\link-rc.read.1.tlog
c:\users\tyler\desktop\aimjunkies-master\tiltsharp\tiltsharp\release\link-rc.write.1.tlog
c:\users\tyler\desktop\aimjunkies-master\tiltsharp\tiltsharp\release\link.command.1.tlog
c:\users\tyler\desktop\aimjunkies-master\tiltsharp\tiltsharp\release\link.read.1.tlog
c:\users\tyler\desktop\aimjunkies-master\tiltsharp\tiltsharp\release\link.write.1.tlog
c:\users\tyler\desktop\aimjunkies-master\tiltsharp\tiltsharp\release\vc110.pdb
c:\users\tyler\desktop\aimjunkies-master\tiltsharp\tiltsharp\release\l++spammer.tlog\cl.command.1.tlog
c:\users\tyler\desktop\aimjunkies-master\tiltsharp\tiltsharp\release\l++spammer.tlog\cl.read.1.tlog
c:\users\tyler\desktop\aimjunkies-master\tiltsharp\tiltsharp\release\l++spammer.tlog\cl.write.1.tlog
c:\users\tyler\desktop\aimjunkies-master\tiltsharp\tiltsharp\release\l++spammer.tlog\l++spammer.write.1u.tlog
c:\users\tyler\desktop\aimjunkies-master\tiltsharp\tiltsharp\release\l++spammer.tlog\link.command.1.tlog
c:\users\tyler\desktop\aimjunkies-master\tiltsharp\tiltsharp\release\l++spammer.tlog\link.read.1.tlog
c:\users\tyler\desktop\aimjunkies-master\tiltsharp\tiltsharp\release\l++spammer.tlog\link.write.1.tlog
